<?xml version="1.0" encoding="UTF-8" ?>
<testsuite tests="6" failures="0" name="g54892.dev2.memory.CardsTest" time="0.016" errors="0" skipped="0">
  <properties>
[...]
</properties>
  <testcase classname="g54892.dev2.memory.CardsTest" name="g54892.dev2.memory.CardsTest.testToString" time="0.005"/>
  <testcase classname="g54892.dev2.memory.CardsTest" name="g54892.dev2.memory.CardsTest.testToString2" time="0"/>
  <testcase classname="g54892.dev2.memory.CardsTest" name="g54892.dev2.memory.CardsTest.testHashCode" time="0"/>
  <testcase classname="g54892.dev2.memory.CardsTest" name="g54892.dev2.memory.CardsTest.testEquals" time="0"/>
  <testcase classname="g54892.dev2.memory.CardsTest" name="g54892.dev2.memory.CardsTest.testConstructor" time="0.011"/>
  <testcase classname="g54892.dev2.memory.CardsTest" name="g54892.dev2.memory.CardsTest.testReveal" time="0"/>
</testsuite>